<?xml version="1.0" encoding="UTF-8"?>
<!-- Generated by org.testng.reporters.JUnitReportReporter -->
<testsuite skipped="0" hostname="LAPTOP-LKC8KBQD" name="com.comcast.conatcttest.createcontact_10" tests="1" failures="0" timestamp="16 Dec 2020 19:54:41 GMT" time="22.279" errors="0">
  <testcase name="createConatctWithmarketgroup" time="22.279" classname="com.comcast.conatcttest.createcontact_10"/>
</testsuite> <!-- com.comcast.conatcttest.createcontact_10 -->
