<?xml version="1.0" encoding="UTF-8"?>
<!-- Generated by org.testng.reporters.JUnitReportReporter -->
<testsuite skipped="0" hostname="LAPTOP-LKC8KBQD" name="com.comcast.conatcttest.createcont_11" tests="1" failures="0" timestamp="18 Dec 2020 14:16:38 GMT" time="37.820" errors="0">
  <testcase name="createConatctWithsupport" time="37.820" classname="com.comcast.conatcttest.createcont_11"/>
</testsuite> <!-- com.comcast.conatcttest.createcont_11 -->
