<?xml version="1.0" encoding="UTF-8"?>
<!-- Generated by org.testng.reporters.JUnitReportReporter -->
<testsuite skipped="0" hostname="LAPTOP-LKC8KBQD" name="com.comcast.conatcttest.createcontact_11" tests="1" failures="0" timestamp="16 Dec 2020 08:00:04 GMT" time="26.479" errors="0">
  <testcase name="createConatctWithsupport" time="26.479" classname="com.comcast.conatcttest.createcontact_11"/>
</testsuite> <!-- com.comcast.conatcttest.createcontact_11 -->
