<?xml version="1.0" encoding="UTF-8"?>
<!-- Generated by org.testng.reporters.JUnitReportReporter -->
<testsuite skipped="0" hostname="LAPTOP-LKC8KBQD" name="com.comcast.conatcttest.Cretecontact_12" tests="1" failures="0" timestamp="18 Dec 2020 14:44:27 GMT" time="27.769" errors="0">
  <testcase name="createConatctWithteam" time="27.769" classname="com.comcast.conatcttest.Cretecontact_12"/>
</testsuite> <!-- com.comcast.conatcttest.Cretecontact_12 -->
