<?xml version="1.0" encoding="UTF-8"?>
<!-- Generated by org.testng.reporters.JUnitReportReporter -->
<testsuite skipped="0" hostname="LAPTOP-LKC8KBQD" name="com.comcast.conatcttest.createcontactwithgroup_10" tests="1" failures="0" timestamp="18 Dec 2020 14:16:38 GMT" time="95.518" errors="0">
  <testcase name="createConatctWithmarketgroup" time="95.518" classname="com.comcast.conatcttest.createcontactwithgroup_10"/>
</testsuite> <!-- com.comcast.conatcttest.createcontactwithgroup_10 -->
